<?xml version="1.0" encoding="UTF-8"?>
<!-- Generated by org.testng.reporters.JUnitXMLReporter -->
<testsuite ignored="0" hostname="RAJ-PC" failures="0" tests="8" name="Default test" time="64.698" errors="0" timestamp="2025-01-20T03:10:57 IST">
  <testcase classname="rahul.raj.tests.SearchTest" name="ValidProductSearch" time="5.674"/>
  <testcase classname="rahul.raj.tests.SearchTest" name="ValidProductSearch" time="5.332"/>
  <testcase classname="rahul.raj.tests.SearchTest" name="ValidProductSearch" time="5.32"/>
  <testcase classname="rahul.raj.tests.SearchTest" name="ValidProductSearch" time="5.294"/>
  <testcase classname="rahul.raj.tests.SearchTest" name="ValidProductSearch" time="5.291"/>
  <testcase classname="rahul.raj.tests.SearchTest" name="InvalidProductSearch" time="5.222"/>
  <testcase classname="rahul.raj.tests.SearchTest" name="InvalidProductSearch" time="5.244"/>
  <testcase classname="rahul.raj.tests.SearchTest" name="InvalidProductSearch" time="5.224"/>
</testsuite> <!-- Default test -->
