<?xml version="1.0" encoding="UTF-8"?>
<!-- Generated by org.testng.reporters.JUnitXMLReporter -->
<testsuite ignored="0" hostname="RAJ-PC" failures="0" tests="20" name="QTrip Regression Test" time="163.956" errors="0" timestamp="2025-01-20T03:20:38 IST">
  <testcase classname="rahul.raj.tests.RegistrationTest" name="ValidRegistrationTest" time="2.617"/>
  <testcase classname="rahul.raj.tests.LoginTest" name="ValidLoginTest" time="5.46"/>
  <testcase classname="rahul.raj.tests.RegistrationTest" name="ValidRegistrationTest" time="2.766"/>
  <testcase classname="rahul.raj.tests.SearchTest" name="ValidProductSearch" time="7.961"/>
  <testcase classname="rahul.raj.tests.RegistrationTest" name="ValidRegistrationTest" time="4.373"/>
  <testcase classname="rahul.raj.tests.LoginTest" name="ValidLoginTest" time="5.866"/>
  <testcase classname="rahul.raj.tests.SearchTest" name="ValidProductSearch" time="5.872"/>
  <testcase classname="rahul.raj.tests.LoginTest" name="ValidLoginTest" time="2.944"/>
  <testcase classname="rahul.raj.tests.RegistrationTest" name="InvalidRegistrationTest" time="8.227"/>
  <testcase classname="rahul.raj.tests.SearchTest" name="ValidProductSearch" time="5.37"/>
  <testcase classname="rahul.raj.tests.SearchTest" name="ValidProductSearch" time="5.327"/>
  <testcase classname="rahul.raj.tests.LoginTest" name="InvalidLoginTest" time="9.998"/>
  <testcase classname="rahul.raj.tests.RegistrationTest" name="InvalidRegistrationTest" time="7.245"/>
  <testcase classname="rahul.raj.tests.SearchTest" name="ValidProductSearch" time="5.26"/>
  <testcase classname="rahul.raj.tests.LoginTest" name="InvalidLoginTest" time="6.905"/>
  <testcase classname="rahul.raj.tests.RegistrationTest" name="InvalidRegistrationTest" time="7.098"/>
  <testcase classname="rahul.raj.tests.SearchTest" name="InvalidProductSearch" time="5.276"/>
  <testcase classname="rahul.raj.tests.LoginTest" name="InvalidLoginTest" time="6.814"/>
  <testcase classname="rahul.raj.tests.SearchTest" name="InvalidProductSearch" time="5.268"/>
  <testcase classname="rahul.raj.tests.SearchTest" name="InvalidProductSearch" time="5.23"/>
</testsuite> <!-- QTrip Regression Test -->
