<?xml version="1.0" encoding="UTF-8"?>
<!-- Generated by org.testng.reporters.JUnitReportReporter -->
<testsuite hostname="RAJ-PC" failures="0" tests="6" name="rahul.raj.tests.LoginTest" time="37.987" errors="0" timestamp="2025-01-20T03:20:38 IST" skipped="0">
  <testcase classname="rahul.raj.tests.LoginTest" name="ValidLoginTest" time="5.866"/>
  <testcase classname="rahul.raj.tests.LoginTest" name="ValidLoginTest" time="5.460"/>
  <testcase classname="rahul.raj.tests.LoginTest" name="ValidLoginTest" time="2.944"/>
  <testcase classname="rahul.raj.tests.LoginTest" name="InvalidLoginTest" time="6.814"/>
  <testcase classname="rahul.raj.tests.LoginTest" name="InvalidLoginTest" time="6.905"/>
  <testcase classname="rahul.raj.tests.LoginTest" name="InvalidLoginTest" time="9.998"/>
</testsuite> <!-- rahul.raj.tests.LoginTest -->
