<?xml version="1.0" encoding="UTF-8"?>
<!-- Generated by org.testng.reporters.JUnitReportReporter -->
<testsuite hostname="RAJ-PC" failures="0" tests="8" name="rahul.raj.tests.SearchTest" time="45.564" errors="0" timestamp="2025-01-20T03:20:39 IST" skipped="0">
  <testcase classname="rahul.raj.tests.SearchTest" name="ValidProductSearch" time="5.260"/>
  <testcase classname="rahul.raj.tests.SearchTest" name="ValidProductSearch" time="5.370"/>
  <testcase classname="rahul.raj.tests.SearchTest" name="ValidProductSearch" time="7.961"/>
  <testcase classname="rahul.raj.tests.SearchTest" name="ValidProductSearch" time="5.872"/>
  <testcase classname="rahul.raj.tests.SearchTest" name="ValidProductSearch" time="5.327"/>
  <testcase classname="rahul.raj.tests.SearchTest" name="InvalidProductSearch" time="5.276"/>
  <testcase classname="rahul.raj.tests.SearchTest" name="InvalidProductSearch" time="5.268"/>
  <testcase classname="rahul.raj.tests.SearchTest" name="InvalidProductSearch" time="5.230"/>
</testsuite> <!-- rahul.raj.tests.SearchTest -->
