<?xml version="1.0" encoding="UTF-8"?>
<!-- Generated by org.testng.reporters.JUnitReportReporter -->
<testsuite hostname="RAJ-PC" failures="0" tests="6" name="rahul.raj.tests.RegistrationTest" time="32.326" errors="0" timestamp="2025-01-20T03:20:39 IST" skipped="0">
  <testcase classname="rahul.raj.tests.RegistrationTest" name="ValidRegistrationTest" time="4.373"/>
  <testcase classname="rahul.raj.tests.RegistrationTest" name="ValidRegistrationTest" time="2.617"/>
  <testcase classname="rahul.raj.tests.RegistrationTest" name="ValidRegistrationTest" time="2.766"/>
  <testcase classname="rahul.raj.tests.RegistrationTest" name="InvalidRegistrationTest" time="7.245"/>
  <testcase classname="rahul.raj.tests.RegistrationTest" name="InvalidRegistrationTest" time="8.227"/>
  <testcase classname="rahul.raj.tests.RegistrationTest" name="InvalidRegistrationTest" time="7.098"/>
</testsuite> <!-- rahul.raj.tests.RegistrationTest -->
